Arguments: 
  C:\Program Files\nodejs\node.exe C:\Users\Suraj\AppData\Roaming\npm\node_modules\yarn\bin\yarn.js init

PATH: 
  C:\Python39\Scripts\;C:\Python39\;C:\WINDOWS\system32;C:\WINDOWS;C:\WINDOWS\System32\Wbem;C:\WINDOWS\System32\WindowsPowerShell\v1.0\;C:\WINDOWS\System32\OpenSSH\;C:\MinGW\bin;C:\ProgramData\chocolatey\bin;C:\Program Files\MongoDB\Server\4.4\bin;C:\Program Files\Git\cmd;C:\xampp\php;C:\ProgramData\ComposerSetup\bin;C:\Program Files\nodejs\;C:\Program Files\dotnet\;C:\Users\Suraj\AppData\Local\Microsoft\WindowsApps;C:\Users\Suraj\AppData\Local\Programs\Microsoft VS Code\bin;C:\Users\Suraj\AppData\Local\GitHubDesktop\bin;C:\Program Files\MongoDB\Server\4.4\bin;C:\Users\Suraj\AppData\Roaming\Composer\vendor\bin;C:\Users\Suraj\AppData\Roaming\npm;C:\Users\Username\AppData\Local\Yarn\bin;C:\Users\Suraj\AppData\Roaming\npm\node_modules\yarn\bin;

Yarn version: 
  1.22.18

Node version: 
  14.17.6

Platform: 
  win32 x64

Trace: 
  Error: canceled
      at Interface.<anonymous> (C:\Users\Suraj\AppData\Roaming\npm\node_modules\yarn\lib\cli.js:137143:13)
      at Interface.emit (events.js:400:28)
      at Interface._ttyWrite (readline.js:910:16)
      at ReadStream.onkeypress (readline.js:235:10)
      at ReadStream.emit (events.js:400:28)
      at emitKeys (internal/readline/utils.js:358:14)
      at emitKeys.next (<anonymous>)
      at ReadStream.onData (readline.js:1179:36)
      at ReadStream.emit (events.js:400:28)
      at addChunk (internal/streams/readable.js:290:12)

npm manifest: 
  No manifest

yarn manifest: 
  No manifest

Lockfile: 
  No lockfile
